E:\CWORKSPACE\PHONEFEE\PHONEFEE\RELEASE\ADDADMIN.OBJ
E:\CWORKSPACE\PHONEFEE\PHONEFEE\RELEASE\ADDSERVICE.OBJ
E:\CWORKSPACE\PHONEFEE\PHONEFEE\RELEASE\ALLSERVICE1.OBJ
E:\CWORKSPACE\PHONEFEE\PHONEFEE\RELEASE\CCOUNT.OBJ
E:\CWorkSpace\PhoneFee\PhoneFee\Release\cl.command.1.tlog
E:\CWorkSpace\PhoneFee\PhoneFee\Release\CL.read.1.tlog
E:\CWorkSpace\PhoneFee\PhoneFee\Release\CL.write.1.tlog
E:\CWORKSPACE\PHONEFEE\PHONEFEE\RELEASE\CSELECT.OBJ
E:\CWORKSPACE\PHONEFEE\PHONEFEE\RELEASE\HISROTYFEE.OBJ
E:\CWorkSpace\PhoneFee\PhoneFee\Release\link.command.1.tlog
E:\CWorkSpace\PhoneFee\PhoneFee\Release\link.read.1.tlog
E:\CWorkSpace\PhoneFee\PhoneFee\Release\link.write.1.tlog
E:\CWorkSpace\PhoneFee\PhoneFee\Release\link-cvtres.read.1.tlog
E:\CWorkSpace\PhoneFee\PhoneFee\Release\link-cvtres.write.1.tlog
E:\CWORKSPACE\PHONEFEE\PHONEFEE\RELEASE\LOGDLG.OBJ
E:\CWorkSpace\PhoneFee\PhoneFee\Release\mt.command.1.tlog
E:\CWorkSpace\PhoneFee\PhoneFee\Release\mt.read.1.tlog
E:\CWorkSpace\PhoneFee\PhoneFee\Release\mt.write.1.tlog
E:\CWORKSPACE\PHONEFEE\PHONEFEE\RELEASE\PERSONINFO.OBJ
E:\CWORKSPACE\PHONEFEE\PHONEFEE\RELEASE\PHONEFEE.EXE.INTERMEDIATE.MANIFEST
E:\CWORKSPACE\PHONEFEE\PHONEFEE\RELEASE\PHONEFEE.OBJ
E:\CWORKSPACE\PHONEFEE\PHONEFEE\RELEASE\PHONEFEE.PCH
E:\CWORKSPACE\PHONEFEE\PHONEFEE\RELEASE\PHONEFEE.RES
E:\CWorkSpace\PhoneFee\PhoneFee\Release\PhoneFee.vcxprojResolveAssemblyReference.cache
E:\CWorkSpace\PhoneFee\PhoneFee\Release\PhoneFee.write.1.tlog
E:\CWORKSPACE\PHONEFEE\PHONEFEE\RELEASE\PHONEFEEADD.OBJ
E:\CWORKSPACE\PHONEFEE\PHONEFEE\RELEASE\PHONEFEEDLG.OBJ
E:\CWorkSpace\PhoneFee\PhoneFee\Release\rc.command.1.tlog
E:\CWorkSpace\PhoneFee\PhoneFee\Release\rc.read.1.tlog
E:\CWorkSpace\PhoneFee\PhoneFee\Release\rc.write.1.tlog
E:\CWORKSPACE\PHONEFEE\PHONEFEE\RELEASE\STDAFX.OBJ
E:\CWORKSPACE\PHONEFEE\PHONEFEE\RELEASE\VC100.PDB
E:\CWORKSPACE\PHONEFEE\RELEASE\PHONEFEE.EXE
E:\CWORKSPACE\PHONEFEE\RELEASE\PHONEFEE.PDB
