生成启动时间为 2015/12/12 15:01:32。
     1>项目“E:\CWorkSpace\PhoneFee\PhoneFee\PhoneFee.vcxproj”在节点 2 上(build 个目标)。
     1>InitializeBuildStatus:
         正在创建“Release\PhoneFee.unsuccessfulbuild”，因为已指定“AlwaysCreate”。
       ClCompile:
         所有输出均为最新。
         H:\Program Files (x86)\visual 2010\VC\bin\CL.exe /c /Zi /nologo /W3 /WX- /O2 /Oi /Oy- /GL /D WIN32 /D _WINDOWS /D NDEBUG /D _UNICODE /D UNICODE /D _AFXDLL /Gm- /EHsc /MD /GS /Gy /fp:precise /Zc:wchar_t /Zc:forScope /Yu"StdAfx.h" /Fp"Release\PhoneFee.pch" /Fo"Release\\" /Fd"Release\vc100.pdb" /Gd /TP /analyze- /errorReport:prompt PhoneFeeAdd.cpp
         PhoneFeeAdd.cpp
       ResourceCompile:
         所有输出均为最新。
       Link:
         H:\Program Files (x86)\visual 2010\VC\bin\link.exe /ERRORREPORT:PROMPT /OUT:"E:\CWorkSpace\PhoneFee\Release\PhoneFee.exe" /INCREMENTAL:NO /NOLOGO /MANIFEST /ManifestFile:"Release\PhoneFee.exe.intermediate.manifest" /MANIFESTUAC:"level='asInvoker' uiAccess='false'" /DEBUG /PDB:"E:\CWorkSpace\PhoneFee\Release\PhoneFee.pdb" /SUBSYSTEM:WINDOWS /OPT:REF /OPT:ICF /LTCG /TLBID:1 /ENTRY:"wWinMainCRTStartup" /DYNAMICBASE /NXCOMPAT /IMPLIB:"E:\CWorkSpace\PhoneFee\Release\PhoneFee.lib" /MACHINE:X86 Release\PhoneFee.res
         Release\AddAdmin.obj
         Release\AddService.obj
         Release\AllService1.obj
         Release\Ccount.obj
         Release\Cselect.obj
         Release\HisrotyFee.obj
         Release\LogDlg.obj
         Release\PersonInfo.obj
         Release\PhoneFee.obj
         Release\PhoneFeeAdd.obj
         Release\PhoneFeeDlg.obj
         Release\stdafx.obj
         正在生成代码
         已完成代码的生成
         PhoneFee.vcxproj -> E:\CWorkSpace\PhoneFee\Release\PhoneFee.exe
       Manifest:
         C:\Program Files (x86)\Microsoft SDKs\Windows\v7.0A\bin\mt.exe /nologo /verbose /outputresource:"E:\CWorkSpace\PhoneFee\Release\PhoneFee.exe;#1" /manifest Release\PhoneFee.exe.intermediate.manifest "H:\Program Files (x86)\visual 2010\VC\Include\Manifest\dpiaware.manifest"
       FinalizeBuildStatus:
         正在删除文件“Release\PhoneFee.unsuccessfulbuild”。
         正在对“Release\PhoneFee.lastbuildstate”执行 Touch 任务。
     1>已完成生成项目“E:\CWorkSpace\PhoneFee\PhoneFee\PhoneFee.vcxproj”(build 个目标)的操作。

生成成功。

已用时间 00:00:02.89
