生成启动时间为 2015/12/10 0:03:30。
     1>项目“E:\CWorkSpace\PhoneFee\PhoneFee\PhoneFee.vcxproj”在节点 2 上(build 个目标)。
     1>InitializeBuildStatus:
         正在创建“Debug\PhoneFee.unsuccessfulbuild”，因为已指定“AlwaysCreate”。
       ClCompile:
         所有输出均为最新。
         H:\Program Files (x86)\visual 2010\VC\bin\CL.exe /c /ZI /nologo /W3 /WX- /Od /Oy- /D WIN32 /D _WINDOWS /D _DEBUG /D _UNICODE /D UNICODE /D _AFXDLL /Gm /EHsc /RTC1 /MDd /GS /fp:precise /Zc:wchar_t /Zc:forScope /Yu"StdAfx.h" /Fp"Debug\PhoneFee.pch" /Fo"Debug\\" /Fd"Debug\vc100.pdb" /Gd /TP /analyze- /errorReport:prompt PhoneFeeDlg.cpp
         PhoneFeeDlg.cpp
       ResourceCompile:
         所有输出均为最新。
       ManifestResourceCompile:
         所有输出均为最新。
       Link:
         H:\Program Files (x86)\visual 2010\VC\bin\link.exe /ERRORREPORT:PROMPT /OUT:"E:\CWorkSpace\PhoneFee\Debug\PhoneFee.exe" /INCREMENTAL /NOLOGO /MANIFEST /ManifestFile:"Debug\PhoneFee.exe.intermediate.manifest" /MANIFESTUAC:"level='asInvoker' uiAccess='false'" /DEBUG /PDB:"E:\CWorkSpace\PhoneFee\Debug\PhoneFee.pdb" /SUBSYSTEM:WINDOWS /TLBID:1 /ENTRY:"wWinMainCRTStartup" /DYNAMICBASE /NXCOMPAT /IMPLIB:"E:\CWorkSpace\PhoneFee\Debug\PhoneFee.lib" /MACHINE:X86 Debug\PhoneFee.res
         Debug\PhoneFee.exe.embed.manifest.res
         Debug\AddAdmin.obj
         Debug\AddService.obj
         Debug\AllService1.obj
         Debug\Ccount.obj
         Debug\Cselect.obj
         Debug\HisrotyFee.obj
         Debug\LogDlg.obj
         Debug\PersonInfo.obj
         Debug\PhoneFee.obj
         Debug\PhoneFeeAdd.obj
         Debug\PhoneFeeDlg.obj
         Debug\stdafx.obj
       Manifest:
         C:\Program Files (x86)\Microsoft SDKs\Windows\v7.0A\bin\mt.exe /nologo /verbose /out:"Debug\PhoneFee.exe.embed.manifest" /manifest Debug\PhoneFee.exe.intermediate.manifest "H:\Program Files (x86)\visual 2010\VC\Include\Manifest\dpiaware.manifest"
         所有输出均为最新。
       LinkEmbedManifest:
         所有输出均为最新。
         PhoneFee.vcxproj -> E:\CWorkSpace\PhoneFee\Debug\PhoneFee.exe
       FinalizeBuildStatus:
         正在删除文件“Debug\PhoneFee.unsuccessfulbuild”。
         正在对“Debug\PhoneFee.lastbuildstate”执行 Touch 任务。
     1>已完成生成项目“E:\CWorkSpace\PhoneFee\PhoneFee\PhoneFee.vcxproj”(build 个目标)的操作。

生成成功。

已用时间 00:00:01.87
