E:\CWORKSPACE\PHONEFEE\DEBUG\PHONEFEE.EXE
E:\CWORKSPACE\PHONEFEE\DEBUG\PHONEFEE.ILK
E:\CWORKSPACE\PHONEFEE\DEBUG\PHONEFEE.PDB
E:\CWORKSPACE\PHONEFEE\PHONEFEE\DEBUG\ALLSERVICE.OBJ
E:\CWORKSPACE\PHONEFEE\PHONEFEE\DEBUG\ALLSERVICE1.OBJ
E:\CWORKSPACE\PHONEFEE\PHONEFEE\DEBUG\CADDFEE.OBJ
E:\CWORKSPACE\PHONEFEE\PHONEFEE\DEBUG\CCOUNT.OBJ
E:\CWorkSpace\PhoneFee\PhoneFee\Debug\cl.command.1.tlog
E:\CWorkSpace\PhoneFee\PhoneFee\Debug\CL.read.1.tlog
E:\CWorkSpace\PhoneFee\PhoneFee\Debug\CL.write.1.tlog
E:\CWORKSPACE\PHONEFEE\PHONEFEE\DEBUG\CSELECT.OBJ
E:\CWorkSpace\PhoneFee\PhoneFee\Debug\link.13932.read.1.tlog
E:\CWorkSpace\PhoneFee\PhoneFee\Debug\link.13932.write.1.tlog
E:\CWorkSpace\PhoneFee\PhoneFee\Debug\link.13932-cvtres.read.1.tlog
E:\CWorkSpace\PhoneFee\PhoneFee\Debug\link.13932-cvtres.write.1.tlog
E:\CWorkSpace\PhoneFee\PhoneFee\Debug\link.2352.read.1.tlog
E:\CWorkSpace\PhoneFee\PhoneFee\Debug\link.2352.write.1.tlog
E:\CWorkSpace\PhoneFee\PhoneFee\Debug\link.2352-cvtres.read.1.tlog
E:\CWorkSpace\PhoneFee\PhoneFee\Debug\link.2352-cvtres.write.1.tlog
E:\CWorkSpace\PhoneFee\PhoneFee\Debug\link.6608.read.1.tlog
E:\CWorkSpace\PhoneFee\PhoneFee\Debug\link.6608.write.1.tlog
E:\CWorkSpace\PhoneFee\PhoneFee\Debug\link.6608-cvtres.read.1.tlog
E:\CWorkSpace\PhoneFee\PhoneFee\Debug\link.6608-cvtres.write.1.tlog
E:\CWorkSpace\PhoneFee\PhoneFee\Debug\link.command.1.tlog
E:\CWorkSpace\PhoneFee\PhoneFee\Debug\link.read.1.tlog
E:\CWorkSpace\PhoneFee\PhoneFee\Debug\link.write.1.tlog
E:\CWorkSpace\PhoneFee\PhoneFee\Debug\link-cvtres.read.1.tlog
E:\CWorkSpace\PhoneFee\PhoneFee\Debug\link-cvtres.write.1.tlog
E:\CWORKSPACE\PHONEFEE\PHONEFEE\DEBUG\LOGDLG.OBJ
E:\CWorkSpace\PhoneFee\PhoneFee\Debug\mt.command.1.tlog
E:\CWorkSpace\PhoneFee\PhoneFee\Debug\mt.read.1.tlog
E:\CWorkSpace\PhoneFee\PhoneFee\Debug\mt.write.1.tlog
E:\CWORKSPACE\PHONEFEE\PHONEFEE\DEBUG\PERSONINFO.OBJ
E:\CWORKSPACE\PHONEFEE\PHONEFEE\DEBUG\PHONEFEE.EXE.EMBED.MANIFEST
E:\CWORKSPACE\PHONEFEE\PHONEFEE\DEBUG\PHONEFEE.EXE.EMBED.MANIFEST.RES
E:\CWORKSPACE\PHONEFEE\PHONEFEE\DEBUG\PHONEFEE.EXE.INTERMEDIATE.MANIFEST
E:\CWORKSPACE\PHONEFEE\PHONEFEE\DEBUG\PHONEFEE.OBJ
E:\CWORKSPACE\PHONEFEE\PHONEFEE\DEBUG\PHONEFEE.PCH
E:\CWORKSPACE\PHONEFEE\PHONEFEE\DEBUG\PHONEFEE.RES
E:\CWorkSpace\PhoneFee\PhoneFee\Debug\PhoneFee.vcxprojResolveAssemblyReference.cache
E:\CWorkSpace\PhoneFee\PhoneFee\Debug\PhoneFee.write.1.tlog
E:\CWorkSpace\PhoneFee\PhoneFee\Debug\PhoneFee_manifest.rc
E:\CWORKSPACE\PHONEFEE\PHONEFEE\DEBUG\PHONEFEEDLG.OBJ
E:\CWorkSpace\PhoneFee\PhoneFee\Debug\rc.command.1.tlog
E:\CWorkSpace\PhoneFee\PhoneFee\Debug\rc.read.1.tlog
E:\CWorkSpace\PhoneFee\PhoneFee\Debug\rc.write.1.tlog
E:\CWORKSPACE\PHONEFEE\PHONEFEE\DEBUG\STDAFX.OBJ
E:\CWorkSpace\PhoneFee\PhoneFee\Debug\vc100.idb
E:\CWORKSPACE\PHONEFEE\PHONEFEE\DEBUG\VC100.PDB
